<?xml version="1.0" encoding="UTF-8"?>
<testsuite xmlns:xsi="http://www.w3.org/2001/XMLSchema-instance" xsi:noNamespaceSchemaLocation="https://maven.apache.org/surefire/maven-surefire-plugin/xsd/surefire-test-report-3.0.xsd" version="3.0" name="aibg23.selection.SelectionApplicationTests" time="4.001" tests="1" errors="0" skipped="0" failures="0">
  <properties>
[...]
</properties>
  <testcase name="contextLoads" classname="aibg23.selection.SelectionApplicationTests" time="1.27">
    <system-out><![CDATA[20:50:11.227 [main] INFO org.springframework.test.context.support.AnnotationConfigContextLoaderUtils -- Could not detect default configuration classes for test class [aibg23.selection.SelectionApplicationTests]: SelectionApplicationTests does not declare any static, non-private, non-final, nested classes annotated with @Configuration.
20:50:11.373 [main] INFO org.springframework.boot.test.context.SpringBootTestContextBootstrapper -- Found @SpringBootConfiguration aibg23.selection.SelectionApplication for test class aibg23.selection.SelectionApplicationTests
20:50:11.648 [main] INFO org.springframework.boot.devtools.restart.RestartApplicationListener -- Restart disabled due to context in which it is running

  .   ____          _            __ _ _
 /\\ / ___'_ __ _ _(_)_ __  __ _ \ \ \ \
( ( )\___ | '_ | '_| | '_ \/ _` | \ \ \ \
 \\/  ___)| |_)| | | | | || (_| |  ) ) ) )
  '  |____| .__|_| |_|_| |_\__, | / / / /
 =========|_|==============|___/=/_/_/_/
 :: Spring Boot ::                (v3.2.0)

2023-11-27T20:50:11.971+01:00  INFO 17120 --- [           main] a.selection.SelectionApplicationTests    : Starting SelectionApplicationTests using Java 17.0.9 with PID 17120 (started by Nina in C:\Users\Nina\Documents\selection)
2023-11-27T20:50:11.974+01:00  INFO 17120 --- [           main] a.selection.SelectionApplicationTests    : No active profile set, falling back to 1 default profile: "default"
2023-11-27T20:50:13.632+01:00  INFO 17120 --- [           main] a.selection.SelectionApplicationTests    : Started SelectionApplicationTests in 2.006 seconds (process running for 3.534)
]]></system-out>
  </testcase>
</testsuite>